2022-10-14 08:27:55 [127.0.0.1][-][-][error][yii\base\ErrorException:8] yii\base\ErrorException: Undefined variable: str in E:\AppServ\www\download\src\views\index\index.php:32
Stack trace:
#0 E:\AppServ\www\download\src\views\index\index.php(32): yii\base\ErrorHandler->handleError()
#1 E:\AppServ\www\download\vendor\yiisoft\yii2\base\View.php(347): require('E:\\AppServ\\www\\...')
#2 E:\AppServ\www\download\vendor\yiisoft\yii2\base\View.php(257): yii\base\View->renderPhpFile()
#3 E:\AppServ\www\download\vendor\yiisoft\yii2\base\View.php(156): yii\base\View->renderFile()
#4 E:\AppServ\www\download\vendor\yiisoft\yii2\base\Controller.php(407): yii\base\View->render()
#5 E:\AppServ\www\download\src\controllers\IndexController.php(15): yii\base\Controller->render()
#6 [internal function]: ShiGuangXiaoTou\controllers\IndexController->actionIndex()
#7 E:\AppServ\www\download\vendor\yiisoft\yii2\base\InlineAction.php(57): call_user_func_array()
#8 E:\AppServ\www\download\vendor\yiisoft\yii2\base\Controller.php(178): yii\base\InlineAction->runWithParams()
#9 E:\AppServ\www\download\vendor\yiisoft\yii2\base\Module.php(552): yii\base\Controller->runAction()
#10 E:\AppServ\www\download\vendor\yiisoft\yii2\web\Application.php(103): yii\base\Module->runAction()
#11 E:\AppServ\www\download\vendor\yiisoft\yii2\base\Application.php(384): yii\web\Application->handleRequest()
#12 E:\AppServ\www\download\src\public\index.php(17): yii\base\Application->run()
#13 {main}
2022-10-14 08:27:54 [127.0.0.1][-][-][info][application] $_GET = []

$_POST = []

$_FILES = []

$_COOKIE = []

$_SERVER = [
    'HTTP_HOST' => 'download.myweb.com'
    'HTTP_CONNECTION' => 'keep-alive'
    'HTTP_CACHE_CONTROL' => 'max-age=0'
    'HTTP_UPGRADE_INSECURE_REQUESTS' => '1'
    'HTTP_USER_AGENT' => 'Mozilla/5.0 (Windows NT 10.0; Win64; x64) AppleWebKit/537.36 (KHTML, like Gecko) Chrome/106.0.0.0 Safari/537.36'
    'HTTP_ACCEPT' => 'text/html,application/xhtml+xml,application/xml;q=0.9,image/avif,image/webp,image/apng,*/*;q=0.8,application/signed-exchange;v=b3;q=0.9'
    'HTTP_ACCEPT_ENCODING' => 'gzip, deflate'
    'HTTP_ACCEPT_LANGUAGE' => 'zh-CN,zh;q=0.9,zh-TW;q=0.8,en;q=0.7'
    'PATH' => 'E:\\App\\VMware\\bin\\;C:\\Program Files (x86)\\Common Files\\Intel\\Shared Libraries\\redist\\intel64\\compiler;C:\\Windows\\system32;C:\\Windows;C:\\Windows\\System32\\Wbem;C:\\Windows\\System32\\WindowsPowerShell\\v1.0\\;C:\\Windows\\System32\\OpenSSH\\;C:\\Program Files\\Common Files\\Autodesk Shared\\;C:\\WINDOWS\\system32;C:\\WINDOWS;C:\\WINDOWS\\System32\\Wbem;C:\\WINDOWS\\System32\\WindowsPowerShell\\v1.0\\;C:\\WINDOWS\\System32\\OpenSSH\\;C:\\ProgramData\\ComposerSetup\\bin;C:\\WINDOWS\\system32;C:\\WINDOWS;C:\\WINDOWS\\System32\\Wbem;C:\\WINDOWS\\System32\\WindowsPowerShell\\v1.0\\;C:\\WINDOWS\\System32\\OpenSSH\\;C:\\Program Files\\dotnet\\;C:\\Program Files\\qemu;C:\\Program Files (x86)\\Tencent\\微信web开发者工具\\dll;E:\\App;erv\\nodejs\\;C:\\Users\\时光小偷\\AppData\\Local\\Programs\\Python\\Python39\\;C:\\;sers\\时光小偷\\AppData\\Local\\Programs\\Python\\Python39\\Scripts\\;;E:;App\\weixin\\微信web开发者工具\\dll;;E:\\App\\Git\\cmd;E:\\AppServ\\node.js\\;C:\\WINDOWS\\system32\\config\\systemprofile\\AppData\\Local\\Microsoft\\WindowsApps'
    'SystemRoot' => 'C:\\WINDOWS'
    'COMSPEC' => 'C:\\WINDOWS\\system32\\cmd.exe'
    'PATHEXT' => '.COM;.EXE;.BAT;.CMD;.VBS;.VBE;.JS;.JSE;.WSF;.WSH;.MSC'
    'WINDIR' => 'C:\\WINDOWS'
    'SERVER_SIGNATURE' => ''
    'SERVER_SOFTWARE' => 'Apache/2.4.41 (Win64) OpenSSL/1.1.1c PHP/7.4.28'
    'SERVER_NAME' => 'download.myweb.com'
    'SERVER_ADDR' => '127.0.0.1'
    'SERVER_PORT' => '80'
    'REMOTE_ADDR' => '127.0.0.1'
    'DOCUMENT_ROOT' => 'E:/AppServ/www/download/src/public'
    'REQUEST_SCHEME' => 'http'
    'CONTEXT_PREFIX' => ''
    'CONTEXT_DOCUMENT_ROOT' => 'E:/AppServ/www/download/src/public'
    'SERVER_ADMIN' => '757402123@qq.com'
    'SCRIPT_FILENAME' => 'E:/AppServ/www/download/src/public/index.php'
    'REMOTE_PORT' => '52260'
    'GATEWAY_INTERFACE' => 'CGI/1.1'
    'SERVER_PROTOCOL' => 'HTTP/1.1'
    'REQUEST_METHOD' => 'GET'
    'QUERY_STRING' => ''
    'REQUEST_URI' => '/'
    'SCRIPT_NAME' => '/index.php'
    'PHP_SELF' => '/index.php'
    'REQUEST_TIME_FLOAT' => 1665736074.2054
    'REQUEST_TIME' => 1665736074
]
2022-10-14 08:28:49 [127.0.0.1][-][-][error][yii\base\InvalidArgumentException] yii\base\InvalidArgumentException: The file or directory to be published does not exist: E:\AppServ\www\download\src\vendor/bower-asset/jquery/dist in E:\AppServ\www\download\vendor\yiisoft\yii2\web\AssetManager.php:476
Stack trace:
#0 E:\AppServ\www\download\vendor\yiisoft\yii2\web\AssetBundle.php(181): yii\web\AssetManager->publish()
#1 E:\AppServ\www\download\vendor\yiisoft\yii2\web\AssetManager.php(294): yii\web\AssetBundle->publish()
#2 E:\AppServ\www\download\vendor\yiisoft\yii2\web\AssetManager.php(265): yii\web\AssetManager->loadBundle()
#3 E:\AppServ\www\download\vendor\yiisoft\yii2\web\View.php(294): yii\web\AssetManager->getBundle()
#4 E:\AppServ\www\download\vendor\yiisoft\yii2\web\View.php(299): yii\web\View->registerAssetBundle()
#5 E:\AppServ\www\download\vendor\yiisoft\yii2\web\View.php(299): yii\web\View->registerAssetBundle()
#6 E:\AppServ\www\download\vendor\yiisoft\yii2\web\AssetBundle.php(125): yii\web\View->registerAssetBundle()
#7 E:\AppServ\www\download\src\views\layouts\main.php(4): yii\web\AssetBundle::register()
#8 E:\AppServ\www\download\vendor\yiisoft\yii2\base\View.php(347): require('E:\\AppServ\\www\\...')
#9 E:\AppServ\www\download\vendor\yiisoft\yii2\base\View.php(257): yii\base\View->renderPhpFile()
#10 E:\AppServ\www\download\vendor\yiisoft\yii2\base\Controller.php(422): yii\base\View->renderFile()
#11 E:\AppServ\www\download\vendor\yiisoft\yii2\base\Controller.php(408): yii\base\Controller->renderContent()
#12 E:\AppServ\www\download\src\controllers\IndexController.php(15): yii\base\Controller->render()
#13 [internal function]: ShiGuangXiaoTou\controllers\IndexController->actionIndex()
#14 E:\AppServ\www\download\vendor\yiisoft\yii2\base\InlineAction.php(57): call_user_func_array()
#15 E:\AppServ\www\download\vendor\yiisoft\yii2\base\Controller.php(178): yii\base\InlineAction->runWithParams()
#16 E:\AppServ\www\download\vendor\yiisoft\yii2\base\Module.php(552): yii\base\Controller->runAction()
#17 E:\AppServ\www\download\vendor\yiisoft\yii2\web\Application.php(103): yii\base\Module->runAction()
#18 E:\AppServ\www\download\vendor\yiisoft\yii2\base\Application.php(384): yii\web\Application->handleRequest()
#19 E:\AppServ\www\download\src\public\index.php(17): yii\base\Application->run()
#20 {main}
2022-10-14 08:28:49 [127.0.0.1][-][-][info][application] $_GET = []

$_POST = []

$_FILES = []

$_COOKIE = []

$_SERVER = [
    'HTTP_HOST' => 'download.myweb.com'
    'HTTP_CONNECTION' => 'keep-alive'
    'HTTP_CACHE_CONTROL' => 'max-age=0'
    'HTTP_UPGRADE_INSECURE_REQUESTS' => '1'
    'HTTP_USER_AGENT' => 'Mozilla/5.0 (Windows NT 10.0; Win64; x64) AppleWebKit/537.36 (KHTML, like Gecko) Chrome/106.0.0.0 Safari/537.36'
    'HTTP_ACCEPT' => 'text/html,application/xhtml+xml,application/xml;q=0.9,image/avif,image/webp,image/apng,*/*;q=0.8,application/signed-exchange;v=b3;q=0.9'
    'HTTP_ACCEPT_ENCODING' => 'gzip, deflate'
    'HTTP_ACCEPT_LANGUAGE' => 'zh-CN,zh;q=0.9,zh-TW;q=0.8,en;q=0.7'
    'PATH' => 'E:\\App\\VMware\\bin\\;C:\\Program Files (x86)\\Common Files\\Intel\\Shared Libraries\\redist\\intel64\\compiler;C:\\Windows\\system32;C:\\Windows;C:\\Windows\\System32\\Wbem;C:\\Windows\\System32\\WindowsPowerShell\\v1.0\\;C:\\Windows\\System32\\OpenSSH\\;C:\\Program Files\\Common Files\\Autodesk Shared\\;C:\\WINDOWS\\system32;C:\\WINDOWS;C:\\WINDOWS\\System32\\Wbem;C:\\WINDOWS\\System32\\WindowsPowerShell\\v1.0\\;C:\\WINDOWS\\System32\\OpenSSH\\;C:\\ProgramData\\ComposerSetup\\bin;C:\\WINDOWS\\system32;C:\\WINDOWS;C:\\WINDOWS\\System32\\Wbem;C:\\WINDOWS\\System32\\WindowsPowerShell\\v1.0\\;C:\\WINDOWS\\System32\\OpenSSH\\;C:\\Program Files\\dotnet\\;C:\\Program Files\\qemu;C:\\Program Files (x86)\\Tencent\\微信web开发者工具\\dll;E:\\App;erv\\nodejs\\;C:\\Users\\时光小偷\\AppData\\Local\\Programs\\Python\\Python39\\;C:\\;sers\\时光小偷\\AppData\\Local\\Programs\\Python\\Python39\\Scripts\\;;E:;App\\weixin\\微信web开发者工具\\dll;;E:\\App\\Git\\cmd;E:\\AppServ\\node.js\\;C:\\WINDOWS\\system32\\config\\systemprofile\\AppData\\Local\\Microsoft\\WindowsApps'
    'SystemRoot' => 'C:\\WINDOWS'
    'COMSPEC' => 'C:\\WINDOWS\\system32\\cmd.exe'
    'PATHEXT' => '.COM;.EXE;.BAT;.CMD;.VBS;.VBE;.JS;.JSE;.WSF;.WSH;.MSC'
    'WINDIR' => 'C:\\WINDOWS'
    'SERVER_SIGNATURE' => ''
    'SERVER_SOFTWARE' => 'Apache/2.4.41 (Win64) OpenSSL/1.1.1c PHP/7.4.28'
    'SERVER_NAME' => 'download.myweb.com'
    'SERVER_ADDR' => '127.0.0.1'
    'SERVER_PORT' => '80'
    'REMOTE_ADDR' => '127.0.0.1'
    'DOCUMENT_ROOT' => 'E:/AppServ/www/download/src/public'
    'REQUEST_SCHEME' => 'http'
    'CONTEXT_PREFIX' => ''
    'CONTEXT_DOCUMENT_ROOT' => 'E:/AppServ/www/download/src/public'
    'SERVER_ADMIN' => '757402123@qq.com'
    'SCRIPT_FILENAME' => 'E:/AppServ/www/download/src/public/index.php'
    'REMOTE_PORT' => '52291'
    'GATEWAY_INTERFACE' => 'CGI/1.1'
    'SERVER_PROTOCOL' => 'HTTP/1.1'
    'REQUEST_METHOD' => 'GET'
    'QUERY_STRING' => ''
    'REQUEST_URI' => '/'
    'SCRIPT_NAME' => '/index.php'
    'PHP_SELF' => '/index.php'
    'REQUEST_TIME_FLOAT' => 1665736129.3007
    'REQUEST_TIME' => 1665736129
]
2022-10-14 08:30:51 [127.0.0.1][-][-][error][yii\base\InvalidArgumentException] yii\base\InvalidArgumentException: The file or directory to be published does not exist: E:\AppServ\www\download\src\vendor/bower-asset/jquery/dist in E:\AppServ\www\download\vendor\yiisoft\yii2\web\AssetManager.php:476
Stack trace:
#0 E:\AppServ\www\download\vendor\yiisoft\yii2\web\AssetBundle.php(181): yii\web\AssetManager->publish()
#1 E:\AppServ\www\download\vendor\yiisoft\yii2\web\AssetManager.php(294): yii\web\AssetBundle->publish()
#2 E:\AppServ\www\download\vendor\yiisoft\yii2\web\AssetManager.php(265): yii\web\AssetManager->loadBundle()
#3 E:\AppServ\www\download\vendor\yiisoft\yii2\web\View.php(294): yii\web\AssetManager->getBundle()
#4 E:\AppServ\www\download\vendor\yiisoft\yii2\web\View.php(299): yii\web\View->registerAssetBundle()
#5 E:\AppServ\www\download\vendor\yiisoft\yii2\web\View.php(299): yii\web\View->registerAssetBundle()
#6 E:\AppServ\www\download\vendor\yiisoft\yii2\web\AssetBundle.php(125): yii\web\View->registerAssetBundle()
#7 E:\AppServ\www\download\src\views\layouts\main.php(4): yii\web\AssetBundle::register()
#8 E:\AppServ\www\download\vendor\yiisoft\yii2\base\View.php(347): require('E:\\AppServ\\www\\...')
#9 E:\AppServ\www\download\vendor\yiisoft\yii2\base\View.php(257): yii\base\View->renderPhpFile()
#10 E:\AppServ\www\download\vendor\yiisoft\yii2\base\Controller.php(422): yii\base\View->renderFile()
#11 E:\AppServ\www\download\vendor\yiisoft\yii2\base\Controller.php(408): yii\base\Controller->renderContent()
#12 E:\AppServ\www\download\src\controllers\IndexController.php(15): yii\base\Controller->render()
#13 [internal function]: ShiGuangXiaoTou\controllers\IndexController->actionIndex()
#14 E:\AppServ\www\download\vendor\yiisoft\yii2\base\InlineAction.php(57): call_user_func_array()
#15 E:\AppServ\www\download\vendor\yiisoft\yii2\base\Controller.php(178): yii\base\InlineAction->runWithParams()
#16 E:\AppServ\www\download\vendor\yiisoft\yii2\base\Module.php(552): yii\base\Controller->runAction()
#17 E:\AppServ\www\download\vendor\yiisoft\yii2\web\Application.php(103): yii\base\Module->runAction()
#18 E:\AppServ\www\download\vendor\yiisoft\yii2\base\Application.php(384): yii\web\Application->handleRequest()
#19 E:\AppServ\www\download\src\public\index.php(17): yii\base\Application->run()
#20 {main}
2022-10-14 08:30:51 [127.0.0.1][-][-][info][application] $_GET = []

$_POST = []

$_FILES = []

$_COOKIE = []

$_SERVER = [
    'HTTP_HOST' => 'download.myweb.com'
    'HTTP_CONNECTION' => 'keep-alive'
    'HTTP_CACHE_CONTROL' => 'max-age=0'
    'HTTP_UPGRADE_INSECURE_REQUESTS' => '1'
    'HTTP_USER_AGENT' => 'Mozilla/5.0 (Windows NT 10.0; Win64; x64) AppleWebKit/537.36 (KHTML, like Gecko) Chrome/106.0.0.0 Safari/537.36'
    'HTTP_ACCEPT' => 'text/html,application/xhtml+xml,application/xml;q=0.9,image/avif,image/webp,image/apng,*/*;q=0.8,application/signed-exchange;v=b3;q=0.9'
    'HTTP_ACCEPT_ENCODING' => 'gzip, deflate'
    'HTTP_ACCEPT_LANGUAGE' => 'zh-CN,zh;q=0.9,zh-TW;q=0.8,en;q=0.7'
    'PATH' => 'E:\\App\\VMware\\bin\\;C:\\Program Files (x86)\\Common Files\\Intel\\Shared Libraries\\redist\\intel64\\compiler;C:\\Windows\\system32;C:\\Windows;C:\\Windows\\System32\\Wbem;C:\\Windows\\System32\\WindowsPowerShell\\v1.0\\;C:\\Windows\\System32\\OpenSSH\\;C:\\Program Files\\Common Files\\Autodesk Shared\\;C:\\WINDOWS\\system32;C:\\WINDOWS;C:\\WINDOWS\\System32\\Wbem;C:\\WINDOWS\\System32\\WindowsPowerShell\\v1.0\\;C:\\WINDOWS\\System32\\OpenSSH\\;C:\\ProgramData\\ComposerSetup\\bin;C:\\WINDOWS\\system32;C:\\WINDOWS;C:\\WINDOWS\\System32\\Wbem;C:\\WINDOWS\\System32\\WindowsPowerShell\\v1.0\\;C:\\WINDOWS\\System32\\OpenSSH\\;C:\\Program Files\\dotnet\\;C:\\Program Files\\qemu;C:\\Program Files (x86)\\Tencent\\微信web开发者工具\\dll;E:\\App;erv\\nodejs\\;C:\\Users\\时光小偷\\AppData\\Local\\Programs\\Python\\Python39\\;C:\\;sers\\时光小偷\\AppData\\Local\\Programs\\Python\\Python39\\Scripts\\;;E:;App\\weixin\\微信web开发者工具\\dll;;E:\\App\\Git\\cmd;E:\\AppServ\\node.js\\;C:\\WINDOWS\\system32\\config\\systemprofile\\AppData\\Local\\Microsoft\\WindowsApps'
    'SystemRoot' => 'C:\\WINDOWS'
    'COMSPEC' => 'C:\\WINDOWS\\system32\\cmd.exe'
    'PATHEXT' => '.COM;.EXE;.BAT;.CMD;.VBS;.VBE;.JS;.JSE;.WSF;.WSH;.MSC'
    'WINDIR' => 'C:\\WINDOWS'
    'SERVER_SIGNATURE' => ''
    'SERVER_SOFTWARE' => 'Apache/2.4.41 (Win64) OpenSSL/1.1.1c PHP/7.4.28'
    'SERVER_NAME' => 'download.myweb.com'
    'SERVER_ADDR' => '127.0.0.1'
    'SERVER_PORT' => '80'
    'REMOTE_ADDR' => '127.0.0.1'
    'DOCUMENT_ROOT' => 'E:/AppServ/www/download/src/public'
    'REQUEST_SCHEME' => 'http'
    'CONTEXT_PREFIX' => ''
    'CONTEXT_DOCUMENT_ROOT' => 'E:/AppServ/www/download/src/public'
    'SERVER_ADMIN' => '757402123@qq.com'
    'SCRIPT_FILENAME' => 'E:/AppServ/www/download/src/public/index.php'
    'REMOTE_PORT' => '52399'
    'GATEWAY_INTERFACE' => 'CGI/1.1'
    'SERVER_PROTOCOL' => 'HTTP/1.1'
    'REQUEST_METHOD' => 'GET'
    'QUERY_STRING' => ''
    'REQUEST_URI' => '/'
    'SCRIPT_NAME' => '/index.php'
    'PHP_SELF' => '/index.php'
    'REQUEST_TIME_FLOAT' => 1665736251.4626
    'REQUEST_TIME' => 1665736251
]
2022-10-14 08:30:55 [127.0.0.1][-][-][error][yii\base\InvalidArgumentException] yii\base\InvalidArgumentException: The file or directory to be published does not exist: E:\AppServ\www\download\src\vendor/bower-asset/jquery/dist in E:\AppServ\www\download\vendor\yiisoft\yii2\web\AssetManager.php:476
Stack trace:
#0 E:\AppServ\www\download\vendor\yiisoft\yii2\web\AssetBundle.php(181): yii\web\AssetManager->publish()
#1 E:\AppServ\www\download\vendor\yiisoft\yii2\web\AssetManager.php(294): yii\web\AssetBundle->publish()
#2 E:\AppServ\www\download\vendor\yiisoft\yii2\web\AssetManager.php(265): yii\web\AssetManager->loadBundle()
#3 E:\AppServ\www\download\vendor\yiisoft\yii2\web\View.php(294): yii\web\AssetManager->getBundle()
#4 E:\AppServ\www\download\vendor\yiisoft\yii2\web\View.php(299): yii\web\View->registerAssetBundle()
#5 E:\AppServ\www\download\vendor\yiisoft\yii2\web\View.php(299): yii\web\View->registerAssetBundle()
#6 E:\AppServ\www\download\vendor\yiisoft\yii2\web\AssetBundle.php(125): yii\web\View->registerAssetBundle()
#7 E:\AppServ\www\download\src\views\layouts\main.php(4): yii\web\AssetBundle::register()
#8 E:\AppServ\www\download\vendor\yiisoft\yii2\base\View.php(347): require('E:\\AppServ\\www\\...')
#9 E:\AppServ\www\download\vendor\yiisoft\yii2\base\View.php(257): yii\base\View->renderPhpFile()
#10 E:\AppServ\www\download\vendor\yiisoft\yii2\base\Controller.php(422): yii\base\View->renderFile()
#11 E:\AppServ\www\download\vendor\yiisoft\yii2\base\Controller.php(408): yii\base\Controller->renderContent()
#12 E:\AppServ\www\download\src\controllers\IndexController.php(15): yii\base\Controller->render()
#13 [internal function]: ShiGuangXiaoTou\controllers\IndexController->actionIndex()
#14 E:\AppServ\www\download\vendor\yiisoft\yii2\base\InlineAction.php(57): call_user_func_array()
#15 E:\AppServ\www\download\vendor\yiisoft\yii2\base\Controller.php(178): yii\base\InlineAction->runWithParams()
#16 E:\AppServ\www\download\vendor\yiisoft\yii2\base\Module.php(552): yii\base\Controller->runAction()
#17 E:\AppServ\www\download\vendor\yiisoft\yii2\web\Application.php(103): yii\base\Module->runAction()
#18 E:\AppServ\www\download\vendor\yiisoft\yii2\base\Application.php(384): yii\web\Application->handleRequest()
#19 E:\AppServ\www\download\src\public\index.php(17): yii\base\Application->run()
#20 {main}
2022-10-14 08:30:55 [127.0.0.1][-][-][info][application] $_GET = []

$_POST = []

$_FILES = []

$_COOKIE = []

$_SERVER = [
    'HTTP_HOST' => 'download.myweb.com'
    'HTTP_CONNECTION' => 'keep-alive'
    'HTTP_CACHE_CONTROL' => 'max-age=0'
    'HTTP_UPGRADE_INSECURE_REQUESTS' => '1'
    'HTTP_USER_AGENT' => 'Mozilla/5.0 (Windows NT 10.0; Win64; x64) AppleWebKit/537.36 (KHTML, like Gecko) Chrome/106.0.0.0 Safari/537.36'
    'HTTP_ACCEPT' => 'text/html,application/xhtml+xml,application/xml;q=0.9,image/avif,image/webp,image/apng,*/*;q=0.8,application/signed-exchange;v=b3;q=0.9'
    'HTTP_ACCEPT_ENCODING' => 'gzip, deflate'
    'HTTP_ACCEPT_LANGUAGE' => 'zh-CN,zh;q=0.9,zh-TW;q=0.8,en;q=0.7'
    'PATH' => 'E:\\App\\VMware\\bin\\;C:\\Program Files (x86)\\Common Files\\Intel\\Shared Libraries\\redist\\intel64\\compiler;C:\\Windows\\system32;C:\\Windows;C:\\Windows\\System32\\Wbem;C:\\Windows\\System32\\WindowsPowerShell\\v1.0\\;C:\\Windows\\System32\\OpenSSH\\;C:\\Program Files\\Common Files\\Autodesk Shared\\;C:\\WINDOWS\\system32;C:\\WINDOWS;C:\\WINDOWS\\System32\\Wbem;C:\\WINDOWS\\System32\\WindowsPowerShell\\v1.0\\;C:\\WINDOWS\\System32\\OpenSSH\\;C:\\ProgramData\\ComposerSetup\\bin;C:\\WINDOWS\\system32;C:\\WINDOWS;C:\\WINDOWS\\System32\\Wbem;C:\\WINDOWS\\System32\\WindowsPowerShell\\v1.0\\;C:\\WINDOWS\\System32\\OpenSSH\\;C:\\Program Files\\dotnet\\;C:\\Program Files\\qemu;C:\\Program Files (x86)\\Tencent\\微信web开发者工具\\dll;E:\\App;erv\\nodejs\\;C:\\Users\\时光小偷\\AppData\\Local\\Programs\\Python\\Python39\\;C:\\;sers\\时光小偷\\AppData\\Local\\Programs\\Python\\Python39\\Scripts\\;;E:;App\\weixin\\微信web开发者工具\\dll;;E:\\App\\Git\\cmd;E:\\AppServ\\node.js\\;C:\\WINDOWS\\system32\\config\\systemprofile\\AppData\\Local\\Microsoft\\WindowsApps'
    'SystemRoot' => 'C:\\WINDOWS'
    'COMSPEC' => 'C:\\WINDOWS\\system32\\cmd.exe'
    'PATHEXT' => '.COM;.EXE;.BAT;.CMD;.VBS;.VBE;.JS;.JSE;.WSF;.WSH;.MSC'
    'WINDIR' => 'C:\\WINDOWS'
    'SERVER_SIGNATURE' => ''
    'SERVER_SOFTWARE' => 'Apache/2.4.41 (Win64) OpenSSL/1.1.1c PHP/7.4.28'
    'SERVER_NAME' => 'download.myweb.com'
    'SERVER_ADDR' => '127.0.0.1'
    'SERVER_PORT' => '80'
    'REMOTE_ADDR' => '127.0.0.1'
    'DOCUMENT_ROOT' => 'E:/AppServ/www/download/src/public'
    'REQUEST_SCHEME' => 'http'
    'CONTEXT_PREFIX' => ''
    'CONTEXT_DOCUMENT_ROOT' => 'E:/AppServ/www/download/src/public'
    'SERVER_ADMIN' => '757402123@qq.com'
    'SCRIPT_FILENAME' => 'E:/AppServ/www/download/src/public/index.php'
    'REMOTE_PORT' => '52400'
    'GATEWAY_INTERFACE' => 'CGI/1.1'
    'SERVER_PROTOCOL' => 'HTTP/1.1'
    'REQUEST_METHOD' => 'GET'
    'QUERY_STRING' => ''
    'REQUEST_URI' => '/'
    'SCRIPT_NAME' => '/index.php'
    'PHP_SELF' => '/index.php'
    'REQUEST_TIME_FLOAT' => 1665736255.9709
    'REQUEST_TIME' => 1665736255
]
2022-10-14 08:31:09 [127.0.0.1][-][-][error][yii\base\InvalidArgumentException] yii\base\InvalidArgumentException: The file or directory to be published does not exist: E:\AppServ\www\download\src\vendor/bower-asset/jquery/dist in E:\AppServ\www\download\vendor\yiisoft\yii2\web\AssetManager.php:476
Stack trace:
#0 E:\AppServ\www\download\vendor\yiisoft\yii2\web\AssetBundle.php(181): yii\web\AssetManager->publish()
#1 E:\AppServ\www\download\vendor\yiisoft\yii2\web\AssetManager.php(294): yii\web\AssetBundle->publish()
#2 E:\AppServ\www\download\vendor\yiisoft\yii2\web\AssetManager.php(265): yii\web\AssetManager->loadBundle()
#3 E:\AppServ\www\download\vendor\yiisoft\yii2\web\View.php(294): yii\web\AssetManager->getBundle()
#4 E:\AppServ\www\download\vendor\yiisoft\yii2\web\View.php(299): yii\web\View->registerAssetBundle()
#5 E:\AppServ\www\download\vendor\yiisoft\yii2\web\View.php(299): yii\web\View->registerAssetBundle()
#6 E:\AppServ\www\download\vendor\yiisoft\yii2\web\AssetBundle.php(125): yii\web\View->registerAssetBundle()
#7 E:\AppServ\www\download\src\views\layouts\main.php(4): yii\web\AssetBundle::register()
#8 E:\AppServ\www\download\vendor\yiisoft\yii2\base\View.php(347): require('E:\\AppServ\\www\\...')
#9 E:\AppServ\www\download\vendor\yiisoft\yii2\base\View.php(257): yii\base\View->renderPhpFile()
#10 E:\AppServ\www\download\vendor\yiisoft\yii2\base\Controller.php(422): yii\base\View->renderFile()
#11 E:\AppServ\www\download\vendor\yiisoft\yii2\base\Controller.php(408): yii\base\Controller->renderContent()
#12 E:\AppServ\www\download\src\controllers\IndexController.php(15): yii\base\Controller->render()
#13 [internal function]: ShiGuangXiaoTou\controllers\IndexController->actionIndex()
#14 E:\AppServ\www\download\vendor\yiisoft\yii2\base\InlineAction.php(57): call_user_func_array()
#15 E:\AppServ\www\download\vendor\yiisoft\yii2\base\Controller.php(178): yii\base\InlineAction->runWithParams()
#16 E:\AppServ\www\download\vendor\yiisoft\yii2\base\Module.php(552): yii\base\Controller->runAction()
#17 E:\AppServ\www\download\vendor\yiisoft\yii2\web\Application.php(103): yii\base\Module->runAction()
#18 E:\AppServ\www\download\vendor\yiisoft\yii2\base\Application.php(384): yii\web\Application->handleRequest()
#19 E:\AppServ\www\download\src\public\index.php(17): yii\base\Application->run()
#20 {main}
2022-10-14 08:31:09 [127.0.0.1][-][-][info][application] $_GET = []

$_POST = []

$_FILES = []

$_COOKIE = []

$_SERVER = [
    'HTTP_HOST' => 'download.myweb.com'
    'HTTP_CONNECTION' => 'keep-alive'
    'HTTP_CACHE_CONTROL' => 'max-age=0'
    'HTTP_UPGRADE_INSECURE_REQUESTS' => '1'
    'HTTP_USER_AGENT' => 'Mozilla/5.0 (Windows NT 10.0; Win64; x64) AppleWebKit/537.36 (KHTML, like Gecko) Chrome/106.0.0.0 Safari/537.36'
    'HTTP_ACCEPT' => 'text/html,application/xhtml+xml,application/xml;q=0.9,image/avif,image/webp,image/apng,*/*;q=0.8,application/signed-exchange;v=b3;q=0.9'
    'HTTP_ACCEPT_ENCODING' => 'gzip, deflate'
    'HTTP_ACCEPT_LANGUAGE' => 'zh-CN,zh;q=0.9,zh-TW;q=0.8,en;q=0.7'
    'PATH' => 'E:\\App\\VMware\\bin\\;C:\\Program Files (x86)\\Common Files\\Intel\\Shared Libraries\\redist\\intel64\\compiler;C:\\Windows\\system32;C:\\Windows;C:\\Windows\\System32\\Wbem;C:\\Windows\\System32\\WindowsPowerShell\\v1.0\\;C:\\Windows\\System32\\OpenSSH\\;C:\\Program Files\\Common Files\\Autodesk Shared\\;C:\\WINDOWS\\system32;C:\\WINDOWS;C:\\WINDOWS\\System32\\Wbem;C:\\WINDOWS\\System32\\WindowsPowerShell\\v1.0\\;C:\\WINDOWS\\System32\\OpenSSH\\;C:\\ProgramData\\ComposerSetup\\bin;C:\\WINDOWS\\system32;C:\\WINDOWS;C:\\WINDOWS\\System32\\Wbem;C:\\WINDOWS\\System32\\WindowsPowerShell\\v1.0\\;C:\\WINDOWS\\System32\\OpenSSH\\;C:\\Program Files\\dotnet\\;C:\\Program Files\\qemu;C:\\Program Files (x86)\\Tencent\\微信web开发者工具\\dll;E:\\App;erv\\nodejs\\;C:\\Users\\时光小偷\\AppData\\Local\\Programs\\Python\\Python39\\;C:\\;sers\\时光小偷\\AppData\\Local\\Programs\\Python\\Python39\\Scripts\\;;E:;App\\weixin\\微信web开发者工具\\dll;;E:\\App\\Git\\cmd;E:\\AppServ\\node.js\\;C:\\WINDOWS\\system32\\config\\systemprofile\\AppData\\Local\\Microsoft\\WindowsApps'
    'SystemRoot' => 'C:\\WINDOWS'
    'COMSPEC' => 'C:\\WINDOWS\\system32\\cmd.exe'
    'PATHEXT' => '.COM;.EXE;.BAT;.CMD;.VBS;.VBE;.JS;.JSE;.WSF;.WSH;.MSC'
    'WINDIR' => 'C:\\WINDOWS'
    'SERVER_SIGNATURE' => ''
    'SERVER_SOFTWARE' => 'Apache/2.4.41 (Win64) OpenSSL/1.1.1c PHP/7.4.28'
    'SERVER_NAME' => 'download.myweb.com'
    'SERVER_ADDR' => '127.0.0.1'
    'SERVER_PORT' => '80'
    'REMOTE_ADDR' => '127.0.0.1'
    'DOCUMENT_ROOT' => 'E:/AppServ/www/download/src/public'
    'REQUEST_SCHEME' => 'http'
    'CONTEXT_PREFIX' => ''
    'CONTEXT_DOCUMENT_ROOT' => 'E:/AppServ/www/download/src/public'
    'SERVER_ADMIN' => '757402123@qq.com'
    'SCRIPT_FILENAME' => 'E:/AppServ/www/download/src/public/index.php'
    'REMOTE_PORT' => '52404'
    'GATEWAY_INTERFACE' => 'CGI/1.1'
    'SERVER_PROTOCOL' => 'HTTP/1.1'
    'REQUEST_METHOD' => 'GET'
    'QUERY_STRING' => ''
    'REQUEST_URI' => '/'
    'SCRIPT_NAME' => '/index.php'
    'PHP_SELF' => '/index.php'
    'REQUEST_TIME_FLOAT' => 1665736269.4442
    'REQUEST_TIME' => 1665736269
]
2022-10-14 08:31:11 [127.0.0.1][-][-][error][yii\base\InvalidArgumentException] yii\base\InvalidArgumentException: The file or directory to be published does not exist: E:\AppServ\www\download\src\vendor/bower-asset/jquery/dist in E:\AppServ\www\download\vendor\yiisoft\yii2\web\AssetManager.php:476
Stack trace:
#0 E:\AppServ\www\download\vendor\yiisoft\yii2\web\AssetBundle.php(181): yii\web\AssetManager->publish()
#1 E:\AppServ\www\download\vendor\yiisoft\yii2\web\AssetManager.php(294): yii\web\AssetBundle->publish()
#2 E:\AppServ\www\download\vendor\yiisoft\yii2\web\AssetManager.php(265): yii\web\AssetManager->loadBundle()
#3 E:\AppServ\www\download\vendor\yiisoft\yii2\web\View.php(294): yii\web\AssetManager->getBundle()
#4 E:\AppServ\www\download\vendor\yiisoft\yii2\web\View.php(299): yii\web\View->registerAssetBundle()
#5 E:\AppServ\www\download\vendor\yiisoft\yii2\web\View.php(299): yii\web\View->registerAssetBundle()
#6 E:\AppServ\www\download\vendor\yiisoft\yii2\web\AssetBundle.php(125): yii\web\View->registerAssetBundle()
#7 E:\AppServ\www\download\src\views\layouts\main.php(4): yii\web\AssetBundle::register()
#8 E:\AppServ\www\download\vendor\yiisoft\yii2\base\View.php(347): require('E:\\AppServ\\www\\...')
#9 E:\AppServ\www\download\vendor\yiisoft\yii2\base\View.php(257): yii\base\View->renderPhpFile()
#10 E:\AppServ\www\download\vendor\yiisoft\yii2\base\Controller.php(422): yii\base\View->renderFile()
#11 E:\AppServ\www\download\vendor\yiisoft\yii2\base\Controller.php(408): yii\base\Controller->renderContent()
#12 E:\AppServ\www\download\src\controllers\IndexController.php(15): yii\base\Controller->render()
#13 [internal function]: ShiGuangXiaoTou\controllers\IndexController->actionIndex()
#14 E:\AppServ\www\download\vendor\yiisoft\yii2\base\InlineAction.php(57): call_user_func_array()
#15 E:\AppServ\www\download\vendor\yiisoft\yii2\base\Controller.php(178): yii\base\InlineAction->runWithParams()
#16 E:\AppServ\www\download\vendor\yiisoft\yii2\base\Module.php(552): yii\base\Controller->runAction()
#17 E:\AppServ\www\download\vendor\yiisoft\yii2\web\Application.php(103): yii\base\Module->runAction()
#18 E:\AppServ\www\download\vendor\yiisoft\yii2\base\Application.php(384): yii\web\Application->handleRequest()
#19 E:\AppServ\www\download\src\public\index.php(17): yii\base\Application->run()
#20 {main}
2022-10-14 08:31:11 [127.0.0.1][-][-][info][application] $_GET = []

$_POST = []

$_FILES = []

$_COOKIE = []

$_SERVER = [
    'HTTP_HOST' => 'download.myweb.com'
    'HTTP_CONNECTION' => 'keep-alive'
    'HTTP_CACHE_CONTROL' => 'max-age=0'
    'HTTP_UPGRADE_INSECURE_REQUESTS' => '1'
    'HTTP_USER_AGENT' => 'Mozilla/5.0 (Windows NT 10.0; Win64; x64) AppleWebKit/537.36 (KHTML, like Gecko) Chrome/106.0.0.0 Safari/537.36'
    'HTTP_ACCEPT' => 'text/html,application/xhtml+xml,application/xml;q=0.9,image/avif,image/webp,image/apng,*/*;q=0.8,application/signed-exchange;v=b3;q=0.9'
    'HTTP_ACCEPT_ENCODING' => 'gzip, deflate'
    'HTTP_ACCEPT_LANGUAGE' => 'zh-CN,zh;q=0.9,zh-TW;q=0.8,en;q=0.7'
    'PATH' => 'E:\\App\\VMware\\bin\\;C:\\Program Files (x86)\\Common Files\\Intel\\Shared Libraries\\redist\\intel64\\compiler;C:\\Windows\\system32;C:\\Windows;C:\\Windows\\System32\\Wbem;C:\\Windows\\System32\\WindowsPowerShell\\v1.0\\;C:\\Windows\\System32\\OpenSSH\\;C:\\Program Files\\Common Files\\Autodesk Shared\\;C:\\WINDOWS\\system32;C:\\WINDOWS;C:\\WINDOWS\\System32\\Wbem;C:\\WINDOWS\\System32\\WindowsPowerShell\\v1.0\\;C:\\WINDOWS\\System32\\OpenSSH\\;C:\\ProgramData\\ComposerSetup\\bin;C:\\WINDOWS\\system32;C:\\WINDOWS;C:\\WINDOWS\\System32\\Wbem;C:\\WINDOWS\\System32\\WindowsPowerShell\\v1.0\\;C:\\WINDOWS\\System32\\OpenSSH\\;C:\\Program Files\\dotnet\\;C:\\Program Files\\qemu;C:\\Program Files (x86)\\Tencent\\微信web开发者工具\\dll;E:\\App;erv\\nodejs\\;C:\\Users\\时光小偷\\AppData\\Local\\Programs\\Python\\Python39\\;C:\\;sers\\时光小偷\\AppData\\Local\\Programs\\Python\\Python39\\Scripts\\;;E:;App\\weixin\\微信web开发者工具\\dll;;E:\\App\\Git\\cmd;E:\\AppServ\\node.js\\;C:\\WINDOWS\\system32\\config\\systemprofile\\AppData\\Local\\Microsoft\\WindowsApps'
    'SystemRoot' => 'C:\\WINDOWS'
    'COMSPEC' => 'C:\\WINDOWS\\system32\\cmd.exe'
    'PATHEXT' => '.COM;.EXE;.BAT;.CMD;.VBS;.VBE;.JS;.JSE;.WSF;.WSH;.MSC'
    'WINDIR' => 'C:\\WINDOWS'
    'SERVER_SIGNATURE' => ''
    'SERVER_SOFTWARE' => 'Apache/2.4.41 (Win64) OpenSSL/1.1.1c PHP/7.4.28'
    'SERVER_NAME' => 'download.myweb.com'
    'SERVER_ADDR' => '127.0.0.1'
    'SERVER_PORT' => '80'
    'REMOTE_ADDR' => '127.0.0.1'
    'DOCUMENT_ROOT' => 'E:/AppServ/www/download/src/public'
    'REQUEST_SCHEME' => 'http'
    'CONTEXT_PREFIX' => ''
    'CONTEXT_DOCUMENT_ROOT' => 'E:/AppServ/www/download/src/public'
    'SERVER_ADMIN' => '757402123@qq.com'
    'SCRIPT_FILENAME' => 'E:/AppServ/www/download/src/public/index.php'
    'REMOTE_PORT' => '52416'
    'GATEWAY_INTERFACE' => 'CGI/1.1'
    'SERVER_PROTOCOL' => 'HTTP/1.1'
    'REQUEST_METHOD' => 'GET'
    'QUERY_STRING' => ''
    'REQUEST_URI' => '/'
    'SCRIPT_NAME' => '/index.php'
    'PHP_SELF' => '/index.php'
    'REQUEST_TIME_FLOAT' => 1665736271.2161
    'REQUEST_TIME' => 1665736271
]
2022-10-14 08:31:12 [127.0.0.1][-][-][error][yii\base\InvalidArgumentException] yii\base\InvalidArgumentException: The file or directory to be published does not exist: E:\AppServ\www\download\src\vendor/bower-asset/jquery/dist in E:\AppServ\www\download\vendor\yiisoft\yii2\web\AssetManager.php:476
Stack trace:
#0 E:\AppServ\www\download\vendor\yiisoft\yii2\web\AssetBundle.php(181): yii\web\AssetManager->publish()
#1 E:\AppServ\www\download\vendor\yiisoft\yii2\web\AssetManager.php(294): yii\web\AssetBundle->publish()
#2 E:\AppServ\www\download\vendor\yiisoft\yii2\web\AssetManager.php(265): yii\web\AssetManager->loadBundle()
#3 E:\AppServ\www\download\vendor\yiisoft\yii2\web\View.php(294): yii\web\AssetManager->getBundle()
#4 E:\AppServ\www\download\vendor\yiisoft\yii2\web\View.php(299): yii\web\View->registerAssetBundle()
#5 E:\AppServ\www\download\vendor\yiisoft\yii2\web\View.php(299): yii\web\View->registerAssetBundle()
#6 E:\AppServ\www\download\vendor\yiisoft\yii2\web\AssetBundle.php(125): yii\web\View->registerAssetBundle()
#7 E:\AppServ\www\download\src\views\layouts\main.php(4): yii\web\AssetBundle::register()
#8 E:\AppServ\www\download\vendor\yiisoft\yii2\base\View.php(347): require('E:\\AppServ\\www\\...')
#9 E:\AppServ\www\download\vendor\yiisoft\yii2\base\View.php(257): yii\base\View->renderPhpFile()
#10 E:\AppServ\www\download\vendor\yiisoft\yii2\base\Controller.php(422): yii\base\View->renderFile()
#11 E:\AppServ\www\download\vendor\yiisoft\yii2\base\Controller.php(408): yii\base\Controller->renderContent()
#12 E:\AppServ\www\download\src\controllers\IndexController.php(15): yii\base\Controller->render()
#13 [internal function]: ShiGuangXiaoTou\controllers\IndexController->actionIndex()
#14 E:\AppServ\www\download\vendor\yiisoft\yii2\base\InlineAction.php(57): call_user_func_array()
#15 E:\AppServ\www\download\vendor\yiisoft\yii2\base\Controller.php(178): yii\base\InlineAction->runWithParams()
#16 E:\AppServ\www\download\vendor\yiisoft\yii2\base\Module.php(552): yii\base\Controller->runAction()
#17 E:\AppServ\www\download\vendor\yiisoft\yii2\web\Application.php(103): yii\base\Module->runAction()
#18 E:\AppServ\www\download\vendor\yiisoft\yii2\base\Application.php(384): yii\web\Application->handleRequest()
#19 E:\AppServ\www\download\src\public\index.php(17): yii\base\Application->run()
#20 {main}
2022-10-14 08:31:12 [127.0.0.1][-][-][info][application] $_GET = []

$_POST = []

$_FILES = []

$_COOKIE = []

$_SERVER = [
    'HTTP_HOST' => 'download.myweb.com'
    'HTTP_CONNECTION' => 'keep-alive'
    'HTTP_CACHE_CONTROL' => 'max-age=0'
    'HTTP_UPGRADE_INSECURE_REQUESTS' => '1'
    'HTTP_USER_AGENT' => 'Mozilla/5.0 (Windows NT 10.0; Win64; x64) AppleWebKit/537.36 (KHTML, like Gecko) Chrome/106.0.0.0 Safari/537.36'
    'HTTP_ACCEPT' => 'text/html,application/xhtml+xml,application/xml;q=0.9,image/avif,image/webp,image/apng,*/*;q=0.8,application/signed-exchange;v=b3;q=0.9'
    'HTTP_ACCEPT_ENCODING' => 'gzip, deflate'
    'HTTP_ACCEPT_LANGUAGE' => 'zh-CN,zh;q=0.9,zh-TW;q=0.8,en;q=0.7'
    'PATH' => 'E:\\App\\VMware\\bin\\;C:\\Program Files (x86)\\Common Files\\Intel\\Shared Libraries\\redist\\intel64\\compiler;C:\\Windows\\system32;C:\\Windows;C:\\Windows\\System32\\Wbem;C:\\Windows\\System32\\WindowsPowerShell\\v1.0\\;C:\\Windows\\System32\\OpenSSH\\;C:\\Program Files\\Common Files\\Autodesk Shared\\;C:\\WINDOWS\\system32;C:\\WINDOWS;C:\\WINDOWS\\System32\\Wbem;C:\\WINDOWS\\System32\\WindowsPowerShell\\v1.0\\;C:\\WINDOWS\\System32\\OpenSSH\\;C:\\ProgramData\\ComposerSetup\\bin;C:\\WINDOWS\\system32;C:\\WINDOWS;C:\\WINDOWS\\System32\\Wbem;C:\\WINDOWS\\System32\\WindowsPowerShell\\v1.0\\;C:\\WINDOWS\\System32\\OpenSSH\\;C:\\Program Files\\dotnet\\;C:\\Program Files\\qemu;C:\\Program Files (x86)\\Tencent\\微信web开发者工具\\dll;E:\\App;erv\\nodejs\\;C:\\Users\\时光小偷\\AppData\\Local\\Programs\\Python\\Python39\\;C:\\;sers\\时光小偷\\AppData\\Local\\Programs\\Python\\Python39\\Scripts\\;;E:;App\\weixin\\微信web开发者工具\\dll;;E:\\App\\Git\\cmd;E:\\AppServ\\node.js\\;C:\\WINDOWS\\system32\\config\\systemprofile\\AppData\\Local\\Microsoft\\WindowsApps'
    'SystemRoot' => 'C:\\WINDOWS'
    'COMSPEC' => 'C:\\WINDOWS\\system32\\cmd.exe'
    'PATHEXT' => '.COM;.EXE;.BAT;.CMD;.VBS;.VBE;.JS;.JSE;.WSF;.WSH;.MSC'
    'WINDIR' => 'C:\\WINDOWS'
    'SERVER_SIGNATURE' => ''
    'SERVER_SOFTWARE' => 'Apache/2.4.41 (Win64) OpenSSL/1.1.1c PHP/7.4.28'
    'SERVER_NAME' => 'download.myweb.com'
    'SERVER_ADDR' => '127.0.0.1'
    'SERVER_PORT' => '80'
    'REMOTE_ADDR' => '127.0.0.1'
    'DOCUMENT_ROOT' => 'E:/AppServ/www/download/src/public'
    'REQUEST_SCHEME' => 'http'
    'CONTEXT_PREFIX' => ''
    'CONTEXT_DOCUMENT_ROOT' => 'E:/AppServ/www/download/src/public'
    'SERVER_ADMIN' => '757402123@qq.com'
    'SCRIPT_FILENAME' => 'E:/AppServ/www/download/src/public/index.php'
    'REMOTE_PORT' => '52417'
    'GATEWAY_INTERFACE' => 'CGI/1.1'
    'SERVER_PROTOCOL' => 'HTTP/1.1'
    'REQUEST_METHOD' => 'GET'
    'QUERY_STRING' => ''
    'REQUEST_URI' => '/'
    'SCRIPT_NAME' => '/index.php'
    'PHP_SELF' => '/index.php'
    'REQUEST_TIME_FLOAT' => 1665736272.1041
    'REQUEST_TIME' => 1665736272
]
2022-10-14 08:31:48 [127.0.0.1][-][-][error][yii\base\InvalidArgumentException] yii\base\InvalidArgumentException: The file or directory to be published does not exist: E:\AppServ\www\download\src\vendor/bower-asset/jquery/dist in E:\AppServ\www\download\vendor\yiisoft\yii2\web\AssetManager.php:476
Stack trace:
#0 E:\AppServ\www\download\vendor\yiisoft\yii2\web\AssetBundle.php(181): yii\web\AssetManager->publish()
#1 E:\AppServ\www\download\vendor\yiisoft\yii2\web\AssetManager.php(294): yii\web\AssetBundle->publish()
#2 E:\AppServ\www\download\vendor\yiisoft\yii2\web\AssetManager.php(265): yii\web\AssetManager->loadBundle()
#3 E:\AppServ\www\download\vendor\yiisoft\yii2\web\View.php(294): yii\web\AssetManager->getBundle()
#4 E:\AppServ\www\download\vendor\yiisoft\yii2\web\View.php(299): yii\web\View->registerAssetBundle()
#5 E:\AppServ\www\download\vendor\yiisoft\yii2\web\View.php(299): yii\web\View->registerAssetBundle()
#6 E:\AppServ\www\download\vendor\yiisoft\yii2\web\AssetBundle.php(125): yii\web\View->registerAssetBundle()
#7 E:\AppServ\www\download\src\views\layouts\main.php(4): yii\web\AssetBundle::register()
#8 E:\AppServ\www\download\vendor\yiisoft\yii2\base\View.php(347): require('E:\\AppServ\\www\\...')
#9 E:\AppServ\www\download\vendor\yiisoft\yii2\base\View.php(257): yii\base\View->renderPhpFile()
#10 E:\AppServ\www\download\vendor\yiisoft\yii2\base\Controller.php(422): yii\base\View->renderFile()
#11 E:\AppServ\www\download\vendor\yiisoft\yii2\base\Controller.php(408): yii\base\Controller->renderContent()
#12 E:\AppServ\www\download\src\controllers\IndexController.php(15): yii\base\Controller->render()
#13 [internal function]: ShiGuangXiaoTou\controllers\IndexController->actionIndex()
#14 E:\AppServ\www\download\vendor\yiisoft\yii2\base\InlineAction.php(57): call_user_func_array()
#15 E:\AppServ\www\download\vendor\yiisoft\yii2\base\Controller.php(178): yii\base\InlineAction->runWithParams()
#16 E:\AppServ\www\download\vendor\yiisoft\yii2\base\Module.php(552): yii\base\Controller->runAction()
#17 E:\AppServ\www\download\vendor\yiisoft\yii2\web\Application.php(103): yii\base\Module->runAction()
#18 E:\AppServ\www\download\vendor\yiisoft\yii2\base\Application.php(384): yii\web\Application->handleRequest()
#19 E:\AppServ\www\download\src\public\index.php(17): yii\base\Application->run()
#20 {main}
2022-10-14 08:31:48 [127.0.0.1][-][-][info][application] $_GET = []

$_POST = []

$_FILES = []

$_COOKIE = []

$_SERVER = [
    'HTTP_HOST' => 'download.myweb.com'
    'HTTP_CONNECTION' => 'keep-alive'
    'HTTP_CACHE_CONTROL' => 'max-age=0'
    'HTTP_UPGRADE_INSECURE_REQUESTS' => '1'
    'HTTP_USER_AGENT' => 'Mozilla/5.0 (Windows NT 10.0; Win64; x64) AppleWebKit/537.36 (KHTML, like Gecko) Chrome/106.0.0.0 Safari/537.36'
    'HTTP_ACCEPT' => 'text/html,application/xhtml+xml,application/xml;q=0.9,image/avif,image/webp,image/apng,*/*;q=0.8,application/signed-exchange;v=b3;q=0.9'
    'HTTP_ACCEPT_ENCODING' => 'gzip, deflate'
    'HTTP_ACCEPT_LANGUAGE' => 'zh-CN,zh;q=0.9,zh-TW;q=0.8,en;q=0.7'
    'PATH' => 'E:\\App\\VMware\\bin\\;C:\\Program Files (x86)\\Common Files\\Intel\\Shared Libraries\\redist\\intel64\\compiler;C:\\Windows\\system32;C:\\Windows;C:\\Windows\\System32\\Wbem;C:\\Windows\\System32\\WindowsPowerShell\\v1.0\\;C:\\Windows\\System32\\OpenSSH\\;C:\\Program Files\\Common Files\\Autodesk Shared\\;C:\\WINDOWS\\system32;C:\\WINDOWS;C:\\WINDOWS\\System32\\Wbem;C:\\WINDOWS\\System32\\WindowsPowerShell\\v1.0\\;C:\\WINDOWS\\System32\\OpenSSH\\;C:\\ProgramData\\ComposerSetup\\bin;C:\\WINDOWS\\system32;C:\\WINDOWS;C:\\WINDOWS\\System32\\Wbem;C:\\WINDOWS\\System32\\WindowsPowerShell\\v1.0\\;C:\\WINDOWS\\System32\\OpenSSH\\;C:\\Program Files\\dotnet\\;C:\\Program Files\\qemu;C:\\Program Files (x86)\\Tencent\\微信web开发者工具\\dll;E:\\App;erv\\nodejs\\;C:\\Users\\时光小偷\\AppData\\Local\\Programs\\Python\\Python39\\;C:\\;sers\\时光小偷\\AppData\\Local\\Programs\\Python\\Python39\\Scripts\\;;E:;App\\weixin\\微信web开发者工具\\dll;;E:\\App\\Git\\cmd;E:\\AppServ\\node.js\\;C:\\WINDOWS\\system32\\config\\systemprofile\\AppData\\Local\\Microsoft\\WindowsApps'
    'SystemRoot' => 'C:\\WINDOWS'
    'COMSPEC' => 'C:\\WINDOWS\\system32\\cmd.exe'
    'PATHEXT' => '.COM;.EXE;.BAT;.CMD;.VBS;.VBE;.JS;.JSE;.WSF;.WSH;.MSC'
    'WINDIR' => 'C:\\WINDOWS'
    'SERVER_SIGNATURE' => ''
    'SERVER_SOFTWARE' => 'Apache/2.4.41 (Win64) OpenSSL/1.1.1c PHP/7.4.28'
    'SERVER_NAME' => 'download.myweb.com'
    'SERVER_ADDR' => '127.0.0.1'
    'SERVER_PORT' => '80'
    'REMOTE_ADDR' => '127.0.0.1'
    'DOCUMENT_ROOT' => 'E:/AppServ/www/download/src/public'
    'REQUEST_SCHEME' => 'http'
    'CONTEXT_PREFIX' => ''
    'CONTEXT_DOCUMENT_ROOT' => 'E:/AppServ/www/download/src/public'
    'SERVER_ADMIN' => '757402123@qq.com'
    'SCRIPT_FILENAME' => 'E:/AppServ/www/download/src/public/index.php'
    'REMOTE_PORT' => '52420'
    'GATEWAY_INTERFACE' => 'CGI/1.1'
    'SERVER_PROTOCOL' => 'HTTP/1.1'
    'REQUEST_METHOD' => 'GET'
    'QUERY_STRING' => ''
    'REQUEST_URI' => '/'
    'SCRIPT_NAME' => '/index.php'
    'PHP_SELF' => '/index.php'
    'REQUEST_TIME_FLOAT' => 1665736308.5816
    'REQUEST_TIME' => 1665736308
]
2022-10-14 08:31:50 [127.0.0.1][-][-][error][yii\base\InvalidArgumentException] yii\base\InvalidArgumentException: The file or directory to be published does not exist: E:\AppServ\www\download\src\vendor/bower-asset/jquery/dist in E:\AppServ\www\download\vendor\yiisoft\yii2\web\AssetManager.php:476
Stack trace:
#0 E:\AppServ\www\download\vendor\yiisoft\yii2\web\AssetBundle.php(181): yii\web\AssetManager->publish()
#1 E:\AppServ\www\download\vendor\yiisoft\yii2\web\AssetManager.php(294): yii\web\AssetBundle->publish()
#2 E:\AppServ\www\download\vendor\yiisoft\yii2\web\AssetManager.php(265): yii\web\AssetManager->loadBundle()
#3 E:\AppServ\www\download\vendor\yiisoft\yii2\web\View.php(294): yii\web\AssetManager->getBundle()
#4 E:\AppServ\www\download\vendor\yiisoft\yii2\web\View.php(299): yii\web\View->registerAssetBundle()
#5 E:\AppServ\www\download\vendor\yiisoft\yii2\web\View.php(299): yii\web\View->registerAssetBundle()
#6 E:\AppServ\www\download\vendor\yiisoft\yii2\web\AssetBundle.php(125): yii\web\View->registerAssetBundle()
#7 E:\AppServ\www\download\src\views\layouts\main.php(4): yii\web\AssetBundle::register()
#8 E:\AppServ\www\download\vendor\yiisoft\yii2\base\View.php(347): require('E:\\AppServ\\www\\...')
#9 E:\AppServ\www\download\vendor\yiisoft\yii2\base\View.php(257): yii\base\View->renderPhpFile()
#10 E:\AppServ\www\download\vendor\yiisoft\yii2\base\Controller.php(422): yii\base\View->renderFile()
#11 E:\AppServ\www\download\vendor\yiisoft\yii2\base\Controller.php(408): yii\base\Controller->renderContent()
#12 E:\AppServ\www\download\src\controllers\IndexController.php(15): yii\base\Controller->render()
#13 [internal function]: ShiGuangXiaoTou\controllers\IndexController->actionIndex()
#14 E:\AppServ\www\download\vendor\yiisoft\yii2\base\InlineAction.php(57): call_user_func_array()
#15 E:\AppServ\www\download\vendor\yiisoft\yii2\base\Controller.php(178): yii\base\InlineAction->runWithParams()
#16 E:\AppServ\www\download\vendor\yiisoft\yii2\base\Module.php(552): yii\base\Controller->runAction()
#17 E:\AppServ\www\download\vendor\yiisoft\yii2\web\Application.php(103): yii\base\Module->runAction()
#18 E:\AppServ\www\download\vendor\yiisoft\yii2\base\Application.php(384): yii\web\Application->handleRequest()
#19 E:\AppServ\www\download\src\public\index.php(17): yii\base\Application->run()
#20 {main}
2022-10-14 08:31:50 [127.0.0.1][-][-][info][application] $_GET = []

$_POST = []

$_FILES = []

$_COOKIE = []

$_SERVER = [
    'HTTP_HOST' => 'download.myweb.com'
    'HTTP_CONNECTION' => 'keep-alive'
    'HTTP_CACHE_CONTROL' => 'max-age=0'
    'HTTP_UPGRADE_INSECURE_REQUESTS' => '1'
    'HTTP_USER_AGENT' => 'Mozilla/5.0 (Windows NT 10.0; Win64; x64) AppleWebKit/537.36 (KHTML, like Gecko) Chrome/106.0.0.0 Safari/537.36'
    'HTTP_ACCEPT' => 'text/html,application/xhtml+xml,application/xml;q=0.9,image/avif,image/webp,image/apng,*/*;q=0.8,application/signed-exchange;v=b3;q=0.9'
    'HTTP_ACCEPT_ENCODING' => 'gzip, deflate'
    'HTTP_ACCEPT_LANGUAGE' => 'zh-CN,zh;q=0.9,zh-TW;q=0.8,en;q=0.7'
    'PATH' => 'E:\\App\\VMware\\bin\\;C:\\Program Files (x86)\\Common Files\\Intel\\Shared Libraries\\redist\\intel64\\compiler;C:\\Windows\\system32;C:\\Windows;C:\\Windows\\System32\\Wbem;C:\\Windows\\System32\\WindowsPowerShell\\v1.0\\;C:\\Windows\\System32\\OpenSSH\\;C:\\Program Files\\Common Files\\Autodesk Shared\\;C:\\WINDOWS\\system32;C:\\WINDOWS;C:\\WINDOWS\\System32\\Wbem;C:\\WINDOWS\\System32\\WindowsPowerShell\\v1.0\\;C:\\WINDOWS\\System32\\OpenSSH\\;C:\\ProgramData\\ComposerSetup\\bin;C:\\WINDOWS\\system32;C:\\WINDOWS;C:\\WINDOWS\\System32\\Wbem;C:\\WINDOWS\\System32\\WindowsPowerShell\\v1.0\\;C:\\WINDOWS\\System32\\OpenSSH\\;C:\\Program Files\\dotnet\\;C:\\Program Files\\qemu;C:\\Program Files (x86)\\Tencent\\微信web开发者工具\\dll;E:\\App;erv\\nodejs\\;C:\\Users\\时光小偷\\AppData\\Local\\Programs\\Python\\Python39\\;C:\\;sers\\时光小偷\\AppData\\Local\\Programs\\Python\\Python39\\Scripts\\;;E:;App\\weixin\\微信web开发者工具\\dll;;E:\\App\\Git\\cmd;E:\\AppServ\\node.js\\;C:\\WINDOWS\\system32\\config\\systemprofile\\AppData\\Local\\Microsoft\\WindowsApps'
    'SystemRoot' => 'C:\\WINDOWS'
    'COMSPEC' => 'C:\\WINDOWS\\system32\\cmd.exe'
    'PATHEXT' => '.COM;.EXE;.BAT;.CMD;.VBS;.VBE;.JS;.JSE;.WSF;.WSH;.MSC'
    'WINDIR' => 'C:\\WINDOWS'
    'SERVER_SIGNATURE' => ''
    'SERVER_SOFTWARE' => 'Apache/2.4.41 (Win64) OpenSSL/1.1.1c PHP/7.4.28'
    'SERVER_NAME' => 'download.myweb.com'
    'SERVER_ADDR' => '127.0.0.1'
    'SERVER_PORT' => '80'
    'REMOTE_ADDR' => '127.0.0.1'
    'DOCUMENT_ROOT' => 'E:/AppServ/www/download/src/public'
    'REQUEST_SCHEME' => 'http'
    'CONTEXT_PREFIX' => ''
    'CONTEXT_DOCUMENT_ROOT' => 'E:/AppServ/www/download/src/public'
    'SERVER_ADMIN' => '757402123@qq.com'
    'SCRIPT_FILENAME' => 'E:/AppServ/www/download/src/public/index.php'
    'REMOTE_PORT' => '52451'
    'GATEWAY_INTERFACE' => 'CGI/1.1'
    'SERVER_PROTOCOL' => 'HTTP/1.1'
    'REQUEST_METHOD' => 'GET'
    'QUERY_STRING' => ''
    'REQUEST_URI' => '/'
    'SCRIPT_NAME' => '/index.php'
    'PHP_SELF' => '/index.php'
    'REQUEST_TIME_FLOAT' => 1665736310.2727
    'REQUEST_TIME' => 1665736310
]
2022-10-14 08:39:12 [127.0.0.1][-][-][error][yii\base\InvalidArgumentException] yii\base\InvalidArgumentException: The file or directory to be published does not exist: E:\AppServ\www\download\src\vendor/bower-asset/jquery/dist in E:\AppServ\www\download\vendor\yiisoft\yii2\web\AssetManager.php:476
Stack trace:
#0 E:\AppServ\www\download\vendor\yiisoft\yii2\web\AssetBundle.php(181): yii\web\AssetManager->publish()
#1 E:\AppServ\www\download\vendor\yiisoft\yii2\web\AssetManager.php(294): yii\web\AssetBundle->publish()
#2 E:\AppServ\www\download\vendor\yiisoft\yii2\web\AssetManager.php(265): yii\web\AssetManager->loadBundle()
#3 E:\AppServ\www\download\vendor\yiisoft\yii2\web\View.php(294): yii\web\AssetManager->getBundle()
#4 E:\AppServ\www\download\vendor\yiisoft\yii2\web\View.php(299): yii\web\View->registerAssetBundle()
#5 E:\AppServ\www\download\vendor\yiisoft\yii2\web\View.php(299): yii\web\View->registerAssetBundle()
#6 E:\AppServ\www\download\vendor\yiisoft\yii2\web\AssetBundle.php(125): yii\web\View->registerAssetBundle()
#7 E:\AppServ\www\download\src\views\layouts\main.php(4): yii\web\AssetBundle::register()
#8 E:\AppServ\www\download\vendor\yiisoft\yii2\base\View.php(347): require('E:\\AppServ\\www\\...')
#9 E:\AppServ\www\download\vendor\yiisoft\yii2\base\View.php(257): yii\base\View->renderPhpFile()
#10 E:\AppServ\www\download\vendor\yiisoft\yii2\base\Controller.php(422): yii\base\View->renderFile()
#11 E:\AppServ\www\download\vendor\yiisoft\yii2\base\Controller.php(408): yii\base\Controller->renderContent()
#12 E:\AppServ\www\download\src\controllers\IndexController.php(15): yii\base\Controller->render()
#13 [internal function]: ShiGuangXiaoTou\controllers\IndexController->actionIndex()
#14 E:\AppServ\www\download\vendor\yiisoft\yii2\base\InlineAction.php(57): call_user_func_array()
#15 E:\AppServ\www\download\vendor\yiisoft\yii2\base\Controller.php(178): yii\base\InlineAction->runWithParams()
#16 E:\AppServ\www\download\vendor\yiisoft\yii2\base\Module.php(552): yii\base\Controller->runAction()
#17 E:\AppServ\www\download\vendor\yiisoft\yii2\web\Application.php(103): yii\base\Module->runAction()
#18 E:\AppServ\www\download\vendor\yiisoft\yii2\base\Application.php(384): yii\web\Application->handleRequest()
#19 E:\AppServ\www\download\src\public\index.php(17): yii\base\Application->run()
#20 {main}
2022-10-14 08:39:12 [127.0.0.1][-][-][info][application] $_GET = []

$_POST = []

$_FILES = []

$_COOKIE = []

$_SERVER = [
    'HTTP_HOST' => 'download.myweb.com'
    'HTTP_CONNECTION' => 'keep-alive'
    'HTTP_CACHE_CONTROL' => 'max-age=0'
    'HTTP_UPGRADE_INSECURE_REQUESTS' => '1'
    'HTTP_USER_AGENT' => 'Mozilla/5.0 (Windows NT 10.0; Win64; x64) AppleWebKit/537.36 (KHTML, like Gecko) Chrome/106.0.0.0 Safari/537.36'
    'HTTP_ACCEPT' => 'text/html,application/xhtml+xml,application/xml;q=0.9,image/avif,image/webp,image/apng,*/*;q=0.8,application/signed-exchange;v=b3;q=0.9'
    'HTTP_ACCEPT_ENCODING' => 'gzip, deflate'
    'HTTP_ACCEPT_LANGUAGE' => 'zh-CN,zh;q=0.9,zh-TW;q=0.8,en;q=0.7'
    'PATH' => 'E:\\App\\VMware\\bin\\;C:\\Program Files (x86)\\Common Files\\Intel\\Shared Libraries\\redist\\intel64\\compiler;C:\\Windows\\system32;C:\\Windows;C:\\Windows\\System32\\Wbem;C:\\Windows\\System32\\WindowsPowerShell\\v1.0\\;C:\\Windows\\System32\\OpenSSH\\;C:\\Program Files\\Common Files\\Autodesk Shared\\;C:\\WINDOWS\\system32;C:\\WINDOWS;C:\\WINDOWS\\System32\\Wbem;C:\\WINDOWS\\System32\\WindowsPowerShell\\v1.0\\;C:\\WINDOWS\\System32\\OpenSSH\\;C:\\ProgramData\\ComposerSetup\\bin;C:\\WINDOWS\\system32;C:\\WINDOWS;C:\\WINDOWS\\System32\\Wbem;C:\\WINDOWS\\System32\\WindowsPowerShell\\v1.0\\;C:\\WINDOWS\\System32\\OpenSSH\\;C:\\Program Files\\dotnet\\;C:\\Program Files\\qemu;C:\\Program Files (x86)\\Tencent\\微信web开发者工具\\dll;E:\\App;erv\\nodejs\\;C:\\Users\\时光小偷\\AppData\\Local\\Programs\\Python\\Python39\\;C:\\;sers\\时光小偷\\AppData\\Local\\Programs\\Python\\Python39\\Scripts\\;;E:;App\\weixin\\微信web开发者工具\\dll;;E:\\App\\Git\\cmd;E:\\AppServ\\node.js\\;C:\\WINDOWS\\system32\\config\\systemprofile\\AppData\\Local\\Microsoft\\WindowsApps'
    'SystemRoot' => 'C:\\WINDOWS'
    'COMSPEC' => 'C:\\WINDOWS\\system32\\cmd.exe'
    'PATHEXT' => '.COM;.EXE;.BAT;.CMD;.VBS;.VBE;.JS;.JSE;.WSF;.WSH;.MSC'
    'WINDIR' => 'C:\\WINDOWS'
    'SERVER_SIGNATURE' => ''
    'SERVER_SOFTWARE' => 'Apache/2.4.41 (Win64) OpenSSL/1.1.1c PHP/7.4.28'
    'SERVER_NAME' => 'download.myweb.com'
    'SERVER_ADDR' => '127.0.0.1'
    'SERVER_PORT' => '80'
    'REMOTE_ADDR' => '127.0.0.1'
    'DOCUMENT_ROOT' => 'E:/AppServ/www/download/src/public'
    'REQUEST_SCHEME' => 'http'
    'CONTEXT_PREFIX' => ''
    'CONTEXT_DOCUMENT_ROOT' => 'E:/AppServ/www/download/src/public'
    'SERVER_ADMIN' => '757402123@qq.com'
    'SCRIPT_FILENAME' => 'E:/AppServ/www/download/src/public/index.php'
    'REMOTE_PORT' => '52884'
    'GATEWAY_INTERFACE' => 'CGI/1.1'
    'SERVER_PROTOCOL' => 'HTTP/1.1'
    'REQUEST_METHOD' => 'GET'
    'QUERY_STRING' => ''
    'REQUEST_URI' => '/'
    'SCRIPT_NAME' => '/index.php'
    'PHP_SELF' => '/index.php'
    'REQUEST_TIME_FLOAT' => 1665736752.784
    'REQUEST_TIME' => 1665736752
]
2022-10-14 08:45:51 [127.0.0.1][-][-][error][yii\base\InvalidArgumentException] yii\base\InvalidArgumentException: The file or directory to be published does not exist: E:\AppServ\www\download\src\vendor/bower-asset/jquery/dist in E:\AppServ\www\download\vendor\yiisoft\yii2\web\AssetManager.php:478
Stack trace:
#0 E:\AppServ\www\download\vendor\yiisoft\yii2\web\AssetBundle.php(181): yii\web\AssetManager->publish()
#1 E:\AppServ\www\download\vendor\yiisoft\yii2\web\AssetManager.php(294): yii\web\AssetBundle->publish()
#2 E:\AppServ\www\download\vendor\yiisoft\yii2\web\AssetManager.php(265): yii\web\AssetManager->loadBundle()
#3 E:\AppServ\www\download\vendor\yiisoft\yii2\web\View.php(294): yii\web\AssetManager->getBundle()
#4 E:\AppServ\www\download\vendor\yiisoft\yii2\web\View.php(299): yii\web\View->registerAssetBundle()
#5 E:\AppServ\www\download\vendor\yiisoft\yii2\web\View.php(299): yii\web\View->registerAssetBundle()
#6 E:\AppServ\www\download\vendor\yiisoft\yii2\web\AssetBundle.php(125): yii\web\View->registerAssetBundle()
#7 E:\AppServ\www\download\src\views\layouts\main.php(4): yii\web\AssetBundle::register()
#8 E:\AppServ\www\download\vendor\yiisoft\yii2\base\View.php(347): require('E:\\AppServ\\www\\...')
#9 E:\AppServ\www\download\vendor\yiisoft\yii2\base\View.php(257): yii\base\View->renderPhpFile()
#10 E:\AppServ\www\download\vendor\yiisoft\yii2\base\Controller.php(422): yii\base\View->renderFile()
#11 E:\AppServ\www\download\vendor\yiisoft\yii2\base\Controller.php(408): yii\base\Controller->renderContent()
#12 E:\AppServ\www\download\src\controllers\IndexController.php(15): yii\base\Controller->render()
#13 [internal function]: ShiGuangXiaoTou\controllers\IndexController->actionIndex()
#14 E:\AppServ\www\download\vendor\yiisoft\yii2\base\InlineAction.php(57): call_user_func_array()
#15 E:\AppServ\www\download\vendor\yiisoft\yii2\base\Controller.php(178): yii\base\InlineAction->runWithParams()
#16 E:\AppServ\www\download\vendor\yiisoft\yii2\base\Module.php(552): yii\base\Controller->runAction()
#17 E:\AppServ\www\download\vendor\yiisoft\yii2\web\Application.php(103): yii\base\Module->runAction()
#18 E:\AppServ\www\download\vendor\yiisoft\yii2\base\Application.php(384): yii\web\Application->handleRequest()
#19 E:\AppServ\www\download\src\public\index.php(17): yii\base\Application->run()
#20 {main}
2022-10-14 08:45:51 [127.0.0.1][-][-][info][application] $_GET = []

$_POST = []

$_FILES = []

$_COOKIE = []

$_SERVER = [
    'HTTP_HOST' => 'download.myweb.com'
    'HTTP_CONNECTION' => 'keep-alive'
    'HTTP_CACHE_CONTROL' => 'max-age=0'
    'HTTP_UPGRADE_INSECURE_REQUESTS' => '1'
    'HTTP_USER_AGENT' => 'Mozilla/5.0 (Windows NT 10.0; Win64; x64) AppleWebKit/537.36 (KHTML, like Gecko) Chrome/106.0.0.0 Safari/537.36'
    'HTTP_ACCEPT' => 'text/html,application/xhtml+xml,application/xml;q=0.9,image/avif,image/webp,image/apng,*/*;q=0.8,application/signed-exchange;v=b3;q=0.9'
    'HTTP_ACCEPT_ENCODING' => 'gzip, deflate'
    'HTTP_ACCEPT_LANGUAGE' => 'zh-CN,zh;q=0.9,zh-TW;q=0.8,en;q=0.7'
    'PATH' => 'E:\\App\\VMware\\bin\\;C:\\Program Files (x86)\\Common Files\\Intel\\Shared Libraries\\redist\\intel64\\compiler;C:\\Windows\\system32;C:\\Windows;C:\\Windows\\System32\\Wbem;C:\\Windows\\System32\\WindowsPowerShell\\v1.0\\;C:\\Windows\\System32\\OpenSSH\\;C:\\Program Files\\Common Files\\Autodesk Shared\\;C:\\WINDOWS\\system32;C:\\WINDOWS;C:\\WINDOWS\\System32\\Wbem;C:\\WINDOWS\\System32\\WindowsPowerShell\\v1.0\\;C:\\WINDOWS\\System32\\OpenSSH\\;C:\\ProgramData\\ComposerSetup\\bin;C:\\WINDOWS\\system32;C:\\WINDOWS;C:\\WINDOWS\\System32\\Wbem;C:\\WINDOWS\\System32\\WindowsPowerShell\\v1.0\\;C:\\WINDOWS\\System32\\OpenSSH\\;C:\\Program Files\\dotnet\\;C:\\Program Files\\qemu;C:\\Program Files (x86)\\Tencent\\微信web开发者工具\\dll;E:\\App;erv\\nodejs\\;C:\\Users\\时光小偷\\AppData\\Local\\Programs\\Python\\Python39\\;C:\\;sers\\时光小偷\\AppData\\Local\\Programs\\Python\\Python39\\Scripts\\;;E:;App\\weixin\\微信web开发者工具\\dll;;E:\\App\\Git\\cmd;E:\\AppServ\\node.js\\;C:\\WINDOWS\\system32\\config\\systemprofile\\AppData\\Local\\Microsoft\\WindowsApps'
    'SystemRoot' => 'C:\\WINDOWS'
    'COMSPEC' => 'C:\\WINDOWS\\system32\\cmd.exe'
    'PATHEXT' => '.COM;.EXE;.BAT;.CMD;.VBS;.VBE;.JS;.JSE;.WSF;.WSH;.MSC'
    'WINDIR' => 'C:\\WINDOWS'
    'SERVER_SIGNATURE' => ''
    'SERVER_SOFTWARE' => 'Apache/2.4.41 (Win64) OpenSSL/1.1.1c PHP/7.4.28'
    'SERVER_NAME' => 'download.myweb.com'
    'SERVER_ADDR' => '127.0.0.1'
    'SERVER_PORT' => '80'
    'REMOTE_ADDR' => '127.0.0.1'
    'DOCUMENT_ROOT' => 'E:/AppServ/www/download/src/public'
    'REQUEST_SCHEME' => 'http'
    'CONTEXT_PREFIX' => ''
    'CONTEXT_DOCUMENT_ROOT' => 'E:/AppServ/www/download/src/public'
    'SERVER_ADMIN' => '757402123@qq.com'
    'SCRIPT_FILENAME' => 'E:/AppServ/www/download/src/public/index.php'
    'REMOTE_PORT' => '53247'
    'GATEWAY_INTERFACE' => 'CGI/1.1'
    'SERVER_PROTOCOL' => 'HTTP/1.1'
    'REQUEST_METHOD' => 'GET'
    'QUERY_STRING' => ''
    'REQUEST_URI' => '/'
    'SCRIPT_NAME' => '/index.php'
    'PHP_SELF' => '/index.php'
    'REQUEST_TIME_FLOAT' => 1665737151.5894
    'REQUEST_TIME' => 1665737151
]
2022-10-14 08:48:09 [127.0.0.1][-][-][error][yii\base\InvalidArgumentException] yii\base\InvalidArgumentException: The file or directory to be published does not exist: E:\AppServ\www\download\src\vendor/bower-asset/jquery/dist in E:\AppServ\www\download\vendor\yiisoft\yii2\web\AssetManager.php:478
Stack trace:
#0 E:\AppServ\www\download\vendor\yiisoft\yii2\web\AssetBundle.php(181): yii\web\AssetManager->publish()
#1 E:\AppServ\www\download\vendor\yiisoft\yii2\web\AssetManager.php(294): yii\web\AssetBundle->publish()
#2 E:\AppServ\www\download\vendor\yiisoft\yii2\web\AssetManager.php(265): yii\web\AssetManager->loadBundle()
#3 E:\AppServ\www\download\vendor\yiisoft\yii2\web\View.php(294): yii\web\AssetManager->getBundle()
#4 E:\AppServ\www\download\vendor\yiisoft\yii2\web\View.php(299): yii\web\View->registerAssetBundle()
#5 E:\AppServ\www\download\vendor\yiisoft\yii2\web\View.php(299): yii\web\View->registerAssetBundle()
#6 E:\AppServ\www\download\vendor\yiisoft\yii2\web\AssetBundle.php(125): yii\web\View->registerAssetBundle()
#7 E:\AppServ\www\download\src\views\layouts\main.php(4): yii\web\AssetBundle::register()
#8 E:\AppServ\www\download\vendor\yiisoft\yii2\base\View.php(347): require('E:\\AppServ\\www\\...')
#9 E:\AppServ\www\download\vendor\yiisoft\yii2\base\View.php(257): yii\base\View->renderPhpFile()
#10 E:\AppServ\www\download\vendor\yiisoft\yii2\base\Controller.php(422): yii\base\View->renderFile()
#11 E:\AppServ\www\download\vendor\yiisoft\yii2\base\Controller.php(408): yii\base\Controller->renderContent()
#12 E:\AppServ\www\download\src\controllers\IndexController.php(15): yii\base\Controller->render()
#13 [internal function]: ShiGuangXiaoTou\controllers\IndexController->actionIndex()
#14 E:\AppServ\www\download\vendor\yiisoft\yii2\base\InlineAction.php(57): call_user_func_array()
#15 E:\AppServ\www\download\vendor\yiisoft\yii2\base\Controller.php(178): yii\base\InlineAction->runWithParams()
#16 E:\AppServ\www\download\vendor\yiisoft\yii2\base\Module.php(552): yii\base\Controller->runAction()
#17 E:\AppServ\www\download\vendor\yiisoft\yii2\web\Application.php(103): yii\base\Module->runAction()
#18 E:\AppServ\www\download\vendor\yiisoft\yii2\base\Application.php(384): yii\web\Application->handleRequest()
#19 E:\AppServ\www\download\src\public\index.php(17): yii\base\Application->run()
#20 {main}
2022-10-14 08:48:09 [127.0.0.1][-][-][info][application] $_GET = []

$_POST = []

$_FILES = []

$_COOKIE = []

$_SERVER = [
    'HTTP_HOST' => 'download.myweb.com'
    'HTTP_CONNECTION' => 'keep-alive'
    'HTTP_CACHE_CONTROL' => 'max-age=0'
    'HTTP_UPGRADE_INSECURE_REQUESTS' => '1'
    'HTTP_USER_AGENT' => 'Mozilla/5.0 (Windows NT 10.0; Win64; x64) AppleWebKit/537.36 (KHTML, like Gecko) Chrome/106.0.0.0 Safari/537.36'
    'HTTP_ACCEPT' => 'text/html,application/xhtml+xml,application/xml;q=0.9,image/avif,image/webp,image/apng,*/*;q=0.8,application/signed-exchange;v=b3;q=0.9'
    'HTTP_ACCEPT_ENCODING' => 'gzip, deflate'
    'HTTP_ACCEPT_LANGUAGE' => 'zh-CN,zh;q=0.9,zh-TW;q=0.8,en;q=0.7'
    'PATH' => 'E:\\App\\VMware\\bin\\;C:\\Program Files (x86)\\Common Files\\Intel\\Shared Libraries\\redist\\intel64\\compiler;C:\\Windows\\system32;C:\\Windows;C:\\Windows\\System32\\Wbem;C:\\Windows\\System32\\WindowsPowerShell\\v1.0\\;C:\\Windows\\System32\\OpenSSH\\;C:\\Program Files\\Common Files\\Autodesk Shared\\;C:\\WINDOWS\\system32;C:\\WINDOWS;C:\\WINDOWS\\System32\\Wbem;C:\\WINDOWS\\System32\\WindowsPowerShell\\v1.0\\;C:\\WINDOWS\\System32\\OpenSSH\\;C:\\ProgramData\\ComposerSetup\\bin;C:\\WINDOWS\\system32;C:\\WINDOWS;C:\\WINDOWS\\System32\\Wbem;C:\\WINDOWS\\System32\\WindowsPowerShell\\v1.0\\;C:\\WINDOWS\\System32\\OpenSSH\\;C:\\Program Files\\dotnet\\;C:\\Program Files\\qemu;C:\\Program Files (x86)\\Tencent\\微信web开发者工具\\dll;E:\\App;erv\\nodejs\\;C:\\Users\\时光小偷\\AppData\\Local\\Programs\\Python\\Python39\\;C:\\;sers\\时光小偷\\AppData\\Local\\Programs\\Python\\Python39\\Scripts\\;;E:;App\\weixin\\微信web开发者工具\\dll;;E:\\App\\Git\\cmd;E:\\AppServ\\node.js\\;C:\\WINDOWS\\system32\\config\\systemprofile\\AppData\\Local\\Microsoft\\WindowsApps'
    'SystemRoot' => 'C:\\WINDOWS'
    'COMSPEC' => 'C:\\WINDOWS\\system32\\cmd.exe'
    'PATHEXT' => '.COM;.EXE;.BAT;.CMD;.VBS;.VBE;.JS;.JSE;.WSF;.WSH;.MSC'
    'WINDIR' => 'C:\\WINDOWS'
    'SERVER_SIGNATURE' => ''
    'SERVER_SOFTWARE' => 'Apache/2.4.41 (Win64) OpenSSL/1.1.1c PHP/7.4.28'
    'SERVER_NAME' => 'download.myweb.com'
    'SERVER_ADDR' => '127.0.0.1'
    'SERVER_PORT' => '80'
    'REMOTE_ADDR' => '127.0.0.1'
    'DOCUMENT_ROOT' => 'E:/AppServ/www/download/src/public'
    'REQUEST_SCHEME' => 'http'
    'CONTEXT_PREFIX' => ''
    'CONTEXT_DOCUMENT_ROOT' => 'E:/AppServ/www/download/src/public'
    'SERVER_ADMIN' => '757402123@qq.com'
    'SCRIPT_FILENAME' => 'E:/AppServ/www/download/src/public/index.php'
    'REMOTE_PORT' => '53391'
    'GATEWAY_INTERFACE' => 'CGI/1.1'
    'SERVER_PROTOCOL' => 'HTTP/1.1'
    'REQUEST_METHOD' => 'GET'
    'QUERY_STRING' => ''
    'REQUEST_URI' => '/'
    'SCRIPT_NAME' => '/index.php'
    'PHP_SELF' => '/index.php'
    'REQUEST_TIME_FLOAT' => 1665737289.3743
    'REQUEST_TIME' => 1665737289
]
